000 (58019.000.000) 2022-07-20 10:50:34 Job submitted from host: <134.130.37.5:9618?addrs=134.130.37.5-9618&alias=nic.lfb.rwth-aachen.de&noUDP&sock=schedd_2150785_31a0>
...
040 (58019.000.000) 2022-07-20 10:50:48 Started transferring input files
	Transferring to host: <134.130.37.167:9618?addrs=134.130.37.167-9618&alias=pc167.lfb.rwth-aachen.de&noUDP&sock=slot1_1_1685167_5948_687>
...
040 (58019.000.000) 2022-07-20 10:50:48 Finished transferring input files
...
001 (58019.000.000) 2022-07-20 10:50:49 Job executing on host: <134.130.37.167:9618?addrs=134.130.37.167-9618&alias=pc167.lfb.rwth-aachen.de&noUDP&sock=startd_1685131_4802>
...
006 (58019.000.000) 2022-07-20 10:50:59 Image size of job updated: 350328
	102  -  MemoryUsage of job (MB)
	104016  -  ResidentSetSize of job (KB)
...
006 (58019.000.000) 2022-07-20 10:55:59 Image size of job updated: 121441664
	3197  -  MemoryUsage of job (MB)
	3272812  -  ResidentSetSize of job (KB)
...
006 (58019.000.000) 2022-07-20 11:00:59 Image size of job updated: 121441664
	3197  -  MemoryUsage of job (MB)
	3272936  -  ResidentSetSize of job (KB)
...
006 (58019.000.000) 2022-07-20 11:21:00 Image size of job updated: 121453404
	3197  -  MemoryUsage of job (MB)
	3272936  -  ResidentSetSize of job (KB)
...
006 (58019.000.000) 2022-07-20 11:26:00 Image size of job updated: 121471696
	3197  -  MemoryUsage of job (MB)
	3272936  -  ResidentSetSize of job (KB)
...
006 (58019.000.000) 2022-07-20 11:31:00 Image size of job updated: 121525088
	3197  -  MemoryUsage of job (MB)
	3272936  -  ResidentSetSize of job (KB)
...
006 (58019.000.000) 2022-07-20 11:41:01 Image size of job updated: 121525088
	3232  -  MemoryUsage of job (MB)
	3309492  -  ResidentSetSize of job (KB)
...
006 (58019.000.000) 2022-07-20 11:46:01 Image size of job updated: 121525088
	3233  -  MemoryUsage of job (MB)
	3310152  -  ResidentSetSize of job (KB)
...
006 (58019.000.000) 2022-07-20 12:41:01 Image size of job updated: 121525088
	3266  -  MemoryUsage of job (MB)
	3343576  -  ResidentSetSize of job (KB)
...
006 (58019.000.000) 2022-07-20 12:46:01 Image size of job updated: 121525088
	3323  -  MemoryUsage of job (MB)
	3402732  -  ResidentSetSize of job (KB)
...
010 (58019.000.000) 2022-07-20 13:12:05 Job was suspended.
	Number of processes actually suspended: 214
...
011 (58019.000.000) 2022-07-20 13:12:10 Job was unsuspended.
...
004 (58019.000.000) 2022-07-20 13:12:10 Job was evicted.
	(0) CPU times
		Usr 1 00:08:20, Sys 0 15:15:04  -  Run Remote Usage
		Usr 0 00:00:00, Sys 0 00:00:00  -  Run Local Usage
	0  -  Run Bytes Sent By Job
	236  -  Run Bytes Received By Job
	Partitionable Resources :    Usage  Request Allocated Assigned
	   Cpus                 :    17.44        1         1 
	   Disk (KB)            :    22           1    167765 
	   Gpus (Average)       :     0.92        1         1 "CUDA0"
	   GpusMemory (MB)      :  7552                       
	   Memory (MB)          :  3323       20480     20480 
...
040 (58019.000.000) 2022-07-20 14:15:22 Started transferring input files
	Transferring to host: <134.130.37.167:9618?addrs=134.130.37.167-9618&alias=pc167.lfb.rwth-aachen.de&noUDP&sock=slot1_1_1685167_5948_688>
...
040 (58019.000.000) 2022-07-20 14:15:22 Finished transferring input files
...
001 (58019.000.000) 2022-07-20 14:15:23 Job executing on host: <134.130.37.167:9618?addrs=134.130.37.167-9618&alias=pc167.lfb.rwth-aachen.de&noUDP&sock=startd_1685131_4802>
...
005 (58019.000.000) 2022-07-20 19:11:39 Job terminated.
	(1) Normal termination (return value 0)
		Usr 2 02:36:39, Sys 1 08:01:37  -  Run Remote Usage
		Usr 0 00:00:00, Sys 0 00:00:00  -  Run Local Usage
		Usr 3 02:44:59, Sys 1 23:16:41  -  Total Remote Usage
		Usr 0 00:00:00, Sys 0 00:00:00  -  Total Local Usage
	0  -  Run Bytes Sent By Job
	236  -  Run Bytes Received By Job
	0  -  Total Bytes Sent By Job
	472  -  Total Bytes Received By Job
	Partitionable Resources :    Usage  Request Allocated Assigned
	   Cpus                 :    17.06        1         1 
	   Disk (KB)            :    39          22    167765 
	   Gpus (Average)       :     0.93        1         1 "CUDA0"
	   GpusMemory (MB)      :  7552                       
	   Memory (MB)          :  3418       20480     20480 

	Job terminated of its own accord at 2022-07-20T17:11:39Z.
...
