000 (58085.000.000) 2022-07-25 11:08:30 Job submitted from host: <134.130.37.5:9618?addrs=134.130.37.5-9618&alias=nic.lfb.rwth-aachen.de&noUDP&sock=schedd_4939_5258>
...
040 (58085.000.000) 2022-07-25 11:08:30 Started transferring input files
	Transferring to host: <134.130.37.24:9618?addrs=134.130.37.24-9618&alias=newton.lfb.rwth-aachen.de&noUDP&sock=slot1_1_444063_4e23_2184>
...
040 (58085.000.000) 2022-07-25 11:08:30 Finished transferring input files
...
001 (58085.000.000) 2022-07-25 11:08:31 Job executing on host: <134.130.37.24:9618?addrs=134.130.37.24-9618&alias=newton.lfb.rwth-aachen.de&noUDP&sock=startd_444024_1c32>
...
006 (58085.000.000) 2022-07-25 11:08:40 Image size of job updated: 692776
	183  -  MemoryUsage of job (MB)
	186424  -  ResidentSetSize of job (KB)
...
006 (58085.000.000) 2022-07-25 11:08:47 Image size of job updated: 5479944
	183  -  MemoryUsage of job (MB)
	186508  -  ResidentSetSize of job (KB)
...
005 (58085.000.000) 2022-07-25 11:08:47 Job terminated.
	(1) Normal termination (return value 2)
		Usr 0 00:00:01, Sys 0 00:00:02  -  Run Remote Usage
		Usr 0 00:00:00, Sys 0 00:00:00  -  Run Local Usage
		Usr 0 00:00:01, Sys 0 00:00:02  -  Total Remote Usage
		Usr 0 00:00:00, Sys 0 00:00:00  -  Total Local Usage
	0  -  Run Bytes Sent By Job
	236  -  Run Bytes Received By Job
	0  -  Total Bytes Sent By Job
	236  -  Total Bytes Received By Job
	Partitionable Resources :    Usage  Request Allocated Assigned
	   Cpus                 :                 2         2 
	   Disk (KB)            :       15        1    178140 
	   Gpus (Average)       :                 2         2 "CUDA0,CUDA1"
	   Memory (MB)          :      183    20480     20480 

	Job terminated of its own accord at 2022-07-25T09:08:47Z.
...
